{"level":"info","message":"Initializing enterprise features...","service":"fixtray-app","timestamp":"2026-04-13T05:03:53.239Z"}
{"checkCount":6,"level":"info","message":"Starting automated compliance checks","service":"fixtray-app","timestamp":"2026-04-13T05:03:53.243Z"}
{"details":{"gdpr":[{"details":"Data retention policies are being enforced","passed":true},{"details":"All users have valid consent records","passed":true}],"privacy":[{"details":"Data collection follows minimization principles","passed":true}],"security":[{"details":"All passwords meet security requirements","passed":true},{"details":"Sensitive data is properly encrypted","passed":true}],"sox":[{"details":"Audit trails are intact and tamper-proof","passed":true}]},"level":"info","message":"Compliance Report Generated","recommendations":[],"service":"fixtray-app","summary":{"categories":{"gdpr":"compliant","privacy":"compliant","security":"compliant","sox":"compliant"},"lastRun":"2026-04-13T05:03:53.245Z","overall":"compliant"},"timestamp":"2026-04-13T05:03:53.245Z"}
{"categories":["gdpr","security","privacy","sox"],"level":"info","message":"Compliance checks completed","service":"fixtray-app","timestamp":"2026-04-13T05:03:53.246Z","totalChecks":6}
{"checkCount":6,"level":"info","message":"Starting automated compliance checks","service":"fixtray-app","timestamp":"2026-04-13T05:03:53.246Z"}
{"host":"localhost","instanceId":"api-1","level":"info","message":"Service instance registered","port":3000,"service":"api","timestamp":"2026-04-13T05:03:53.248Z"}
{"host":"localhost","instanceId":"db-1","level":"info","message":"Service instance registered","port":5432,"service":"database","timestamp":"2026-04-13T05:03:53.248Z"}
{"host":"localhost","instanceId":"cache-1","level":"info","message":"Service instance registered","port":6379,"service":"cache","timestamp":"2026-04-13T05:03:53.249Z"}
{"level":"info","message":"Service endpoint registered","method":"GET","path":"/api/workorders","service":"api","timestamp":"2026-04-13T05:03:53.249Z"}
{"level":"info","message":"Service endpoint registered","method":"POST","path":"/api/workorders","service":"api","timestamp":"2026-04-13T05:03:53.249Z"}
{"level":"info","message":"Starting data synchronization","service":"fixtray-app","strategy":"async","tables":["users","workorders","settings"],"timestamp":"2026-04-13T05:03:53.250Z"}
{"details":{"gdpr":[{"details":"Data retention policies are being enforced","passed":true},{"details":"All users have valid consent records","passed":true}],"privacy":[{"details":"Data collection follows minimization principles","passed":true}],"security":[{"details":"All passwords meet security requirements","passed":true},{"details":"Sensitive data is properly encrypted","passed":true}],"sox":[{"details":"Audit trails are intact and tamper-proof","passed":true}]},"level":"info","message":"Compliance Report Generated","recommendations":[],"service":"fixtray-app","summary":{"categories":{"gdpr":"compliant","privacy":"compliant","security":"compliant","sox":"compliant"},"lastRun":"2026-04-13T05:03:53.250Z","overall":"compliant"},"timestamp":"2026-04-13T05:03:53.250Z"}
{"categories":["gdpr","security","privacy","sox"],"level":"info","message":"Compliance checks completed","service":"fixtray-app","timestamp":"2026-04-13T05:03:53.251Z","totalChecks":6}
{"level":"info","message":"Data synchronization completed","service":"fixtray-app","timestamp":"2026-04-13T05:04:02.318Z"}
{"level":"info","message":"All enterprise features initialized successfully","service":"fixtray-app","timestamp":"2026-04-13T05:04:02.319Z"}
{"level":"info","message":"Initializing enterprise features...","service":"fixtray-app","timestamp":"2026-04-13T05:04:16.764Z"}
{"checkCount":6,"level":"info","message":"Starting automated compliance checks","service":"fixtray-app","timestamp":"2026-04-13T05:04:16.776Z"}
{"details":{"gdpr":[{"details":"Data retention policies are being enforced","passed":true},{"details":"All users have valid consent records","passed":true}],"privacy":[{"details":"Data collection follows minimization principles","passed":true}],"security":[{"details":"All passwords meet security requirements","passed":true},{"details":"Sensitive data is properly encrypted","passed":true}],"sox":[{"details":"Audit trails are intact and tamper-proof","passed":true}]},"level":"info","message":"Compliance Report Generated","recommendations":[],"service":"fixtray-app","summary":{"categories":{"gdpr":"compliant","privacy":"compliant","security":"compliant","sox":"compliant"},"lastRun":"2026-04-13T05:04:16.781Z","overall":"compliant"},"timestamp":"2026-04-13T05:04:16.780Z"}
{"categories":["gdpr","security","privacy","sox"],"level":"info","message":"Compliance checks completed","service":"fixtray-app","timestamp":"2026-04-13T05:04:16.785Z","totalChecks":6}
{"checkCount":6,"level":"info","message":"Starting automated compliance checks","service":"fixtray-app","timestamp":"2026-04-13T05:04:16.788Z"}
{"host":"localhost","instanceId":"api-1","level":"info","message":"Service instance registered","port":3000,"service":"api","timestamp":"2026-04-13T05:04:16.791Z"}
{"host":"localhost","instanceId":"db-1","level":"info","message":"Service instance registered","port":5432,"service":"database","timestamp":"2026-04-13T05:04:16.791Z"}
{"host":"localhost","instanceId":"cache-1","level":"info","message":"Service instance registered","port":6379,"service":"cache","timestamp":"2026-04-13T05:04:16.792Z"}
{"level":"info","message":"Service endpoint registered","method":"GET","path":"/api/workorders","service":"api","timestamp":"2026-04-13T05:04:16.792Z"}
{"level":"info","message":"Service endpoint registered","method":"POST","path":"/api/workorders","service":"api","timestamp":"2026-04-13T05:04:16.792Z"}
{"level":"info","message":"Starting data synchronization","service":"fixtray-app","strategy":"async","tables":["users","workorders","settings"],"timestamp":"2026-04-13T05:04:16.792Z"}
{"details":{"gdpr":[{"details":"Data retention policies are being enforced","passed":true},{"details":"All users have valid consent records","passed":true}],"privacy":[{"details":"Data collection follows minimization principles","passed":true}],"security":[{"details":"All passwords meet security requirements","passed":true},{"details":"Sensitive data is properly encrypted","passed":true}],"sox":[{"details":"Audit trails are intact and tamper-proof","passed":true}]},"level":"info","message":"Compliance Report Generated","recommendations":[],"service":"fixtray-app","summary":{"categories":{"gdpr":"compliant","privacy":"compliant","security":"compliant","sox":"compliant"},"lastRun":"2026-04-13T05:04:16.796Z","overall":"compliant"},"timestamp":"2026-04-13T05:04:16.796Z"}
{"categories":["gdpr","security","privacy","sox"],"level":"info","message":"Compliance checks completed","service":"fixtray-app","timestamp":"2026-04-13T05:04:16.797Z","totalChecks":6}
{"level":"info","message":"Data synchronization completed","service":"fixtray-app","timestamp":"2026-04-13T05:04:31.323Z"}
{"level":"info","message":"All enterprise features initialized successfully","service":"fixtray-app","timestamp":"2026-04-13T05:04:31.324Z"}
{"duration":948,"level":"info","message":"PERFORMANCE","metadata":{"cached":false,"resultCount":0,"role":"shop","userId":"cmm03z60v00002dqplk5paqo1"},"operation":"Work orders fetch completed","service":"fixtray-app","timestamp":"2026-04-13T18:29:20.256Z"}
{"level":"info","message":"Initializing enterprise features...","service":"fixtray-app","timestamp":"2026-04-13T18:30:31.204Z"}
{"checkCount":6,"level":"info","message":"Starting automated compliance checks","service":"fixtray-app","timestamp":"2026-04-13T18:30:31.208Z"}
{"details":{"gdpr":[{"details":"Data retention policies are being enforced","passed":true},{"details":"All users have valid consent records","passed":true}],"privacy":[{"details":"Data collection follows minimization principles","passed":true}],"security":[{"details":"All passwords meet security requirements","passed":true},{"details":"Sensitive data is properly encrypted","passed":true}],"sox":[{"details":"Audit trails are intact and tamper-proof","passed":true}]},"level":"info","message":"Compliance Report Generated","recommendations":[],"service":"fixtray-app","summary":{"categories":{"gdpr":"compliant","privacy":"compliant","security":"compliant","sox":"compliant"},"lastRun":"2026-04-13T18:30:31.218Z","overall":"compliant"},"timestamp":"2026-04-13T18:30:31.217Z"}
{"categories":["gdpr","security","privacy","sox"],"level":"info","message":"Compliance checks completed","service":"fixtray-app","timestamp":"2026-04-13T18:30:31.221Z","totalChecks":6}
{"checkCount":6,"level":"info","message":"Starting automated compliance checks","service":"fixtray-app","timestamp":"2026-04-13T18:30:31.222Z"}
{"experimentId":"db-connection-loss","interval":"daily","level":"info","message":"Scheduled chaos experiment","service":"fixtray-app","timestamp":"2026-04-13T18:30:31.225Z"}
{"host":"localhost","instanceId":"api-1","level":"info","message":"Service instance registered","port":3000,"service":"api","timestamp":"2026-04-13T18:30:31.227Z"}
{"host":"localhost","instanceId":"db-1","level":"info","message":"Service instance registered","port":5432,"service":"database","timestamp":"2026-04-13T18:30:31.228Z"}
{"host":"localhost","instanceId":"cache-1","level":"info","message":"Service instance registered","port":6379,"service":"cache","timestamp":"2026-04-13T18:30:31.229Z"}
{"level":"info","message":"Service endpoint registered","method":"GET","path":"/api/workorders","service":"api","timestamp":"2026-04-13T18:30:31.231Z"}
{"level":"info","message":"Service endpoint registered","method":"POST","path":"/api/workorders","service":"api","timestamp":"2026-04-13T18:30:31.233Z"}
{"level":"info","message":"Starting data synchronization","service":"fixtray-app","strategy":"async","tables":["users","workorders","settings"],"timestamp":"2026-04-13T18:30:31.234Z"}
{"details":{"gdpr":[{"details":"Data retention policies are being enforced","passed":true},{"details":"All users have valid consent records","passed":true}],"privacy":[{"details":"Data collection follows minimization principles","passed":true}],"security":[{"details":"All passwords meet security requirements","passed":true},{"details":"Sensitive data is properly encrypted","passed":true}],"sox":[{"details":"Audit trails are intact and tamper-proof","passed":true}]},"level":"info","message":"Compliance Report Generated","recommendations":[],"service":"fixtray-app","summary":{"categories":{"gdpr":"compliant","privacy":"compliant","security":"compliant","sox":"compliant"},"lastRun":"2026-04-13T18:30:31.237Z","overall":"compliant"},"timestamp":"2026-04-13T18:30:31.237Z"}
{"categories":["gdpr","security","privacy","sox"],"level":"info","message":"Compliance checks completed","service":"fixtray-app","timestamp":"2026-04-13T18:30:31.247Z","totalChecks":6}
{"level":"info","message":"Data synchronization completed","service":"fixtray-app","timestamp":"2026-04-13T18:30:39.777Z"}
{"level":"info","message":"All enterprise features initialized successfully","service":"fixtray-app","timestamp":"2026-04-13T18:30:39.779Z"}
{"level":"warn","message":"Region health check failed","regionId":"ap-southeast-1","service":"fixtray-app","timestamp":"2026-04-13T18:33:01.228Z"}
{"level":"info","message":"Region recovered","regionId":"ap-southeast-1","service":"fixtray-app","timestamp":"2026-04-13T18:33:31.301Z"}
{"level":"warn","message":"Region health check failed","regionId":"ap-southeast-1","service":"fixtray-app","timestamp":"2026-04-13T18:34:01.300Z"}
{"level":"info","message":"Region recovered","regionId":"ap-southeast-1","service":"fixtray-app","timestamp":"2026-04-13T18:34:31.307Z"}
{"level":"warn","message":"Region health check failed","regionId":"ap-southeast-1","service":"fixtray-app","timestamp":"2026-04-13T18:35:01.313Z"}
{"activeRegions":2,"currentActiveRegion":"us-east-1","failoverCount":0,"level":"info","message":"Multi-region status","recentFailovers":[],"service":"fixtray-app","timestamp":"2026-04-13T18:35:39.791Z","totalRegions":3}
{"level":"info","message":"Region recovered","regionId":"ap-southeast-1","service":"fixtray-app","timestamp":"2026-04-13T18:36:01.325Z"}
{"level":"warn","message":"Region health check failed","regionId":"eu-west-1","service":"fixtray-app","timestamp":"2026-04-13T18:38:01.343Z"}
{"level":"info","message":"Region recovered","regionId":"eu-west-1","service":"fixtray-app","timestamp":"2026-04-13T18:38:31.346Z"}
{"level":"warn","message":"Region health check failed","regionId":"us-east-1","service":"fixtray-app","timestamp":"2026-04-13T18:39:01.361Z"}
{"fromRegion":"us-east-1","level":"info","message":"Starting region failover","reason":"Health check failure","service":"fixtray-app","timestamp":"2026-04-13T18:39:01.363Z","toRegion":"ap-southeast-1"}
{"level":"info","message":"Region failover completed","newActiveRegion":"ap-southeast-1","recoveryTime":2000,"service":"fixtray-app","timestamp":"2026-04-13T18:39:03.366Z"}
{"level":"info","message":"Region recovered","regionId":"us-east-1","service":"fixtray-app","timestamp":"2026-04-13T18:39:31.372Z"}
{"activeRegions":3,"currentActiveRegion":"ap-southeast-1","failoverCount":1,"level":"info","message":"Multi-region status","recentFailovers":[{"fromRegion":"us-east-1","id":"failover_1776105541363_7rjdfnrqs","impact":"minimal","reason":"Health check failure","recoveryTime":2000,"status":"completed","timestamp":"2026-04-13T18:39:01.363Z","toRegion":"ap-southeast-1","type":"automatic"}],"service":"fixtray-app","timestamp":"2026-04-13T18:40:39.810Z","totalRegions":3}
{"activeRegions":3,"currentActiveRegion":"ap-southeast-1","failoverCount":1,"level":"info","message":"Multi-region status","recentFailovers":[{"fromRegion":"us-east-1","id":"failover_1776105541363_7rjdfnrqs","impact":"minimal","reason":"Health check failure","recoveryTime":2000,"status":"completed","timestamp":"2026-04-13T18:39:01.363Z","toRegion":"ap-southeast-1","type":"automatic"}],"service":"fixtray-app","timestamp":"2026-04-13T18:45:39.815Z","totalRegions":3}
{"level":"warn","message":"Region health check failed","regionId":"ap-southeast-1","service":"fixtray-app","timestamp":"2026-04-13T18:46:01.486Z"}
{"fromRegion":"ap-southeast-1","level":"info","message":"Starting region failover","reason":"Health check failure","service":"fixtray-app","timestamp":"2026-04-13T18:46:01.488Z","toRegion":"eu-west-1"}
{"level":"info","message":"Region failover completed","newActiveRegion":"eu-west-1","recoveryTime":2000,"service":"fixtray-app","timestamp":"2026-04-13T18:46:03.494Z"}
{"level":"info","message":"Region recovered","regionId":"ap-southeast-1","service":"fixtray-app","timestamp":"2026-04-13T18:46:31.490Z"}
{"activeRegions":3,"currentActiveRegion":"eu-west-1","failoverCount":2,"level":"info","message":"Multi-region status","recentFailovers":[{"fromRegion":"us-east-1","id":"failover_1776105541363_7rjdfnrqs","impact":"minimal","reason":"Health check failure","recoveryTime":2000,"status":"completed","timestamp":"2026-04-13T18:39:01.363Z","toRegion":"ap-southeast-1","type":"automatic"},{"fromRegion":"ap-southeast-1","id":"failover_1776105961488_8s8ce5mrc","impact":"minimal","reason":"Health check failure","recoveryTime":2000,"status":"completed","timestamp":"2026-04-13T18:46:01.488Z","toRegion":"eu-west-1","type":"automatic"}],"service":"fixtray-app","timestamp":"2026-04-13T18:50:39.823Z","totalRegions":3}
{"level":"warn","message":"Region health check failed","regionId":"eu-west-1","service":"fixtray-app","timestamp":"2026-04-13T18:51:01.584Z"}
{"fromRegion":"eu-west-1","level":"info","message":"Starting region failover","reason":"Health check failure","service":"fixtray-app","timestamp":"2026-04-13T18:51:01.586Z","toRegion":"ap-southeast-1"}
{"level":"info","message":"Region failover completed","newActiveRegion":"ap-southeast-1","recoveryTime":2000,"service":"fixtray-app","timestamp":"2026-04-13T18:51:03.587Z"}
{"level":"info","message":"Region recovered","regionId":"eu-west-1","service":"fixtray-app","timestamp":"2026-04-13T18:51:31.587Z"}
{"level":"warn","message":"Region health check failed","regionId":"ap-southeast-1","service":"fixtray-app","timestamp":"2026-04-13T18:51:31.589Z"}
{"fromRegion":"ap-southeast-1","level":"info","message":"Starting region failover","reason":"Health check failure","service":"fixtray-app","timestamp":"2026-04-13T18:51:31.590Z","toRegion":"eu-west-1"}
{"level":"info","message":"Region failover completed","newActiveRegion":"eu-west-1","recoveryTime":2000,"service":"fixtray-app","timestamp":"2026-04-13T18:51:33.591Z"}
{"level":"info","message":"Region recovered","regionId":"ap-southeast-1","service":"fixtray-app","timestamp":"2026-04-13T18:52:01.595Z"}
{"level":"warn","message":"Region health check failed","regionId":"eu-west-1","service":"fixtray-app","timestamp":"2026-04-13T18:53:01.610Z"}
{"fromRegion":"eu-west-1","level":"info","message":"Starting region failover","reason":"Health check failure","service":"fixtray-app","timestamp":"2026-04-13T18:53:01.611Z","toRegion":"ap-southeast-1"}
{"level":"info","message":"Region failover completed","newActiveRegion":"ap-southeast-1","recoveryTime":2000,"service":"fixtray-app","timestamp":"2026-04-13T18:53:03.612Z"}
{"level":"info","message":"Region recovered","regionId":"eu-west-1","service":"fixtray-app","timestamp":"2026-04-13T18:53:31.619Z"}
{"level":"warn","message":"Region health check failed","regionId":"ap-southeast-1","service":"fixtray-app","timestamp":"2026-04-13T18:54:31.639Z"}
{"fromRegion":"ap-southeast-1","level":"info","message":"Starting region failover","reason":"Health check failure","service":"fixtray-app","timestamp":"2026-04-13T18:54:31.641Z","toRegion":"eu-west-1"}
{"level":"info","message":"Region failover completed","newActiveRegion":"eu-west-1","recoveryTime":2000,"service":"fixtray-app","timestamp":"2026-04-13T18:54:33.642Z"}
{"level":"info","message":"Region recovered","regionId":"ap-southeast-1","service":"fixtray-app","timestamp":"2026-04-13T18:55:01.641Z"}
{"activeRegions":3,"currentActiveRegion":"eu-west-1","failoverCount":6,"level":"info","message":"Multi-region status","recentFailovers":[{"fromRegion":"ap-southeast-1","id":"failover_1776105961488_8s8ce5mrc","impact":"minimal","reason":"Health check failure","recoveryTime":2000,"status":"completed","timestamp":"2026-04-13T18:46:01.488Z","toRegion":"eu-west-1","type":"automatic"},{"fromRegion":"eu-west-1","id":"failover_1776106261586_k95xejclk","impact":"minimal","reason":"Health check failure","recoveryTime":2000,"status":"completed","timestamp":"2026-04-13T18:51:01.586Z","toRegion":"ap-southeast-1","type":"automatic"},{"fromRegion":"ap-southeast-1","id":"failover_1776106291590_mngjc35cw","impact":"minimal","reason":"Health check failure","recoveryTime":2000,"status":"completed","timestamp":"2026-04-13T18:51:31.590Z","toRegion":"eu-west-1","type":"automatic"},{"fromRegion":"eu-west-1","id":"failover_1776106381611_l8qhl5yi8","impact":"minimal","reason":"Health check failure","recoveryTime":2000,"status":"completed","timestamp":"2026-04-13T18:53:01.611Z","toRegion":"ap-southeast-1","type":"automatic"},{"fromRegion":"ap-southeast-1","id":"failover_1776106471641_r5nl58ms7","impact":"minimal","reason":"Health check failure","recoveryTime":2000,"status":"completed","timestamp":"2026-04-13T18:54:31.641Z","toRegion":"eu-west-1","type":"automatic"}],"service":"fixtray-app","timestamp":"2026-04-13T18:55:39.837Z","totalRegions":3}
{"level":"warn","message":"Region health check failed","regionId":"eu-west-1","service":"fixtray-app","timestamp":"2026-04-13T18:56:01.653Z"}
{"fromRegion":"eu-west-1","level":"info","message":"Starting region failover","reason":"Health check failure","service":"fixtray-app","timestamp":"2026-04-13T18:56:01.654Z","toRegion":"ap-southeast-1"}
{"level":"info","message":"Region failover completed","newActiveRegion":"ap-southeast-1","recoveryTime":2000,"service":"fixtray-app","timestamp":"2026-04-13T18:56:03.670Z"}
{"level":"info","message":"Region recovered","regionId":"eu-west-1","service":"fixtray-app","timestamp":"2026-04-13T18:56:31.665Z"}
{"activeRegions":3,"currentActiveRegion":"ap-southeast-1","failoverCount":7,"level":"info","message":"Multi-region status","recentFailovers":[{"fromRegion":"eu-west-1","id":"failover_1776106261586_k95xejclk","impact":"minimal","reason":"Health check failure","recoveryTime":2000,"status":"completed","timestamp":"2026-04-13T18:51:01.586Z","toRegion":"ap-southeast-1","type":"automatic"},{"fromRegion":"ap-southeast-1","id":"failover_1776106291590_mngjc35cw","impact":"minimal","reason":"Health check failure","recoveryTime":2000,"status":"completed","timestamp":"2026-04-13T18:51:31.590Z","toRegion":"eu-west-1","type":"automatic"},{"fromRegion":"eu-west-1","id":"failover_1776106381611_l8qhl5yi8","impact":"minimal","reason":"Health check failure","recoveryTime":2000,"status":"completed","timestamp":"2026-04-13T18:53:01.611Z","toRegion":"ap-southeast-1","type":"automatic"},{"fromRegion":"ap-southeast-1","id":"failover_1776106471641_r5nl58ms7","impact":"minimal","reason":"Health check failure","recoveryTime":2000,"status":"completed","timestamp":"2026-04-13T18:54:31.641Z","toRegion":"eu-west-1","type":"automatic"},{"fromRegion":"eu-west-1","id":"failover_1776106561654_7z25mlork","impact":"minimal","reason":"Health check failure","recoveryTime":2000,"status":"completed","timestamp":"2026-04-13T18:56:01.654Z","toRegion":"ap-southeast-1","type":"automatic"}],"service":"fixtray-app","timestamp":"2026-04-13T19:00:39.849Z","totalRegions":3}
{"level":"warn","message":"Region health check failed","regionId":"eu-west-1","service":"fixtray-app","timestamp":"2026-04-13T19:04:01.764Z"}
{"level":"info","message":"Region recovered","regionId":"eu-west-1","service":"fixtray-app","timestamp":"2026-04-13T19:04:31.773Z"}
{"activeRegions":3,"currentActiveRegion":"ap-southeast-1","failoverCount":7,"level":"info","message":"Multi-region status","recentFailovers":[{"fromRegion":"eu-west-1","id":"failover_1776106261586_k95xejclk","impact":"minimal","reason":"Health check failure","recoveryTime":2000,"status":"completed","timestamp":"2026-04-13T18:51:01.586Z","toRegion":"ap-southeast-1","type":"automatic"},{"fromRegion":"ap-southeast-1","id":"failover_1776106291590_mngjc35cw","impact":"minimal","reason":"Health check failure","recoveryTime":2000,"status":"completed","timestamp":"2026-04-13T18:51:31.590Z","toRegion":"eu-west-1","type":"automatic"},{"fromRegion":"eu-west-1","id":"failover_1776106381611_l8qhl5yi8","impact":"minimal","reason":"Health check failure","recoveryTime":2000,"status":"completed","timestamp":"2026-04-13T18:53:01.611Z","toRegion":"ap-southeast-1","type":"automatic"},{"fromRegion":"ap-southeast-1","id":"failover_1776106471641_r5nl58ms7","impact":"minimal","reason":"Health check failure","recoveryTime":2000,"status":"completed","timestamp":"2026-04-13T18:54:31.641Z","toRegion":"eu-west-1","type":"automatic"},{"fromRegion":"eu-west-1","id":"failover_1776106561654_7z25mlork","impact":"minimal","reason":"Health check failure","recoveryTime":2000,"status":"completed","timestamp":"2026-04-13T18:56:01.654Z","toRegion":"ap-southeast-1","type":"automatic"}],"service":"fixtray-app","timestamp":"2026-04-13T19:05:39.861Z","totalRegions":3}
{"level":"warn","message":"Region health check failed","regionId":"ap-southeast-1","service":"fixtray-app","timestamp":"2026-04-13T19:06:31.789Z"}
{"fromRegion":"ap-southeast-1","level":"info","message":"Starting region failover","reason":"Health check failure","service":"fixtray-app","timestamp":"2026-04-13T19:06:31.791Z","toRegion":"eu-west-1"}
{"level":"info","message":"Region failover completed","newActiveRegion":"eu-west-1","recoveryTime":2000,"service":"fixtray-app","timestamp":"2026-04-13T19:06:33.794Z"}
{"level":"info","message":"Region recovered","regionId":"ap-southeast-1","service":"fixtray-app","timestamp":"2026-04-13T19:07:31.805Z"}
{"level":"warn","message":"Region health check failed","regionId":"us-east-1","service":"fixtray-app","timestamp":"2026-04-13T19:08:01.815Z"}
{"level":"info","message":"Region recovered","regionId":"us-east-1","service":"fixtray-app","timestamp":"2026-04-13T19:09:01.834Z"}
{"level":"warn","message":"Region health check failed","regionId":"us-east-1","service":"fixtray-app","timestamp":"2026-04-13T19:10:31.847Z"}
{"activeRegions":2,"currentActiveRegion":"eu-west-1","failoverCount":8,"level":"info","message":"Multi-region status","recentFailovers":[{"fromRegion":"ap-southeast-1","id":"failover_1776106291590_mngjc35cw","impact":"minimal","reason":"Health check failure","recoveryTime":2000,"status":"completed","timestamp":"2026-04-13T18:51:31.590Z","toRegion":"eu-west-1","type":"automatic"},{"fromRegion":"eu-west-1","id":"failover_1776106381611_l8qhl5yi8","impact":"minimal","reason":"Health check failure","recoveryTime":2000,"status":"completed","timestamp":"2026-04-13T18:53:01.611Z","toRegion":"ap-southeast-1","type":"automatic"},{"fromRegion":"ap-southeast-1","id":"failover_1776106471641_r5nl58ms7","impact":"minimal","reason":"Health check failure","recoveryTime":2000,"status":"completed","timestamp":"2026-04-13T18:54:31.641Z","toRegion":"eu-west-1","type":"automatic"},{"fromRegion":"eu-west-1","id":"failover_1776106561654_7z25mlork","impact":"minimal","reason":"Health check failure","recoveryTime":2000,"status":"completed","timestamp":"2026-04-13T18:56:01.654Z","toRegion":"ap-southeast-1","type":"automatic"},{"fromRegion":"ap-southeast-1","id":"failover_1776107191791_8xncb8fld","impact":"minimal","reason":"Health check failure","recoveryTime":2000,"status":"completed","timestamp":"2026-04-13T19:06:31.791Z","toRegion":"eu-west-1","type":"automatic"}],"service":"fixtray-app","timestamp":"2026-04-13T19:10:39.866Z","totalRegions":3}
{"level":"info","message":"Region recovered","regionId":"us-east-1","service":"fixtray-app","timestamp":"2026-04-13T19:11:01.861Z"}
{"level":"warn","message":"Region health check failed","regionId":"us-east-1","service":"fixtray-app","timestamp":"2026-04-13T19:12:01.887Z"}
{"level":"info","message":"Region recovered","regionId":"us-east-1","service":"fixtray-app","timestamp":"2026-04-13T19:12:31.893Z"}
{"level":"warn","message":"Region health check failed","regionId":"us-east-1","service":"fixtray-app","timestamp":"2026-04-13T19:13:31.911Z"}
{"level":"info","message":"Region recovered","regionId":"us-east-1","service":"fixtray-app","timestamp":"2026-04-13T19:14:31.922Z"}
{"level":"warn","message":"Region health check failed","regionId":"us-east-1","service":"fixtray-app","timestamp":"2026-04-13T19:15:01.933Z"}
{"level":"info","message":"Region recovered","regionId":"us-east-1","service":"fixtray-app","timestamp":"2026-04-13T19:15:31.937Z"}
{"activeRegions":3,"currentActiveRegion":"eu-west-1","failoverCount":8,"level":"info","message":"Multi-region status","recentFailovers":[{"fromRegion":"ap-southeast-1","id":"failover_1776106291590_mngjc35cw","impact":"minimal","reason":"Health check failure","recoveryTime":2000,"status":"completed","timestamp":"2026-04-13T18:51:31.590Z","toRegion":"eu-west-1","type":"automatic"},{"fromRegion":"eu-west-1","id":"failover_1776106381611_l8qhl5yi8","impact":"minimal","reason":"Health check failure","recoveryTime":2000,"status":"completed","timestamp":"2026-04-13T18:53:01.611Z","toRegion":"ap-southeast-1","type":"automatic"},{"fromRegion":"ap-southeast-1","id":"failover_1776106471641_r5nl58ms7","impact":"minimal","reason":"Health check failure","recoveryTime":2000,"status":"completed","timestamp":"2026-04-13T18:54:31.641Z","toRegion":"eu-west-1","type":"automatic"},{"fromRegion":"eu-west-1","id":"failover_1776106561654_7z25mlork","impact":"minimal","reason":"Health check failure","recoveryTime":2000,"status":"completed","timestamp":"2026-04-13T18:56:01.654Z","toRegion":"ap-southeast-1","type":"automatic"},{"fromRegion":"ap-southeast-1","id":"failover_1776107191791_8xncb8fld","impact":"minimal","reason":"Health check failure","recoveryTime":2000,"status":"completed","timestamp":"2026-04-13T19:06:31.791Z","toRegion":"eu-west-1","type":"automatic"}],"service":"fixtray-app","timestamp":"2026-04-13T19:15:39.871Z","totalRegions":3}
{"level":"warn","message":"Region health check failed","regionId":"us-east-1","service":"fixtray-app","timestamp":"2026-04-13T19:17:31.947Z"}
{"level":"info","message":"Region recovered","regionId":"us-east-1","service":"fixtray-app","timestamp":"2026-04-13T19:18:01.950Z"}
{"level":"warn","message":"Region health check failed","regionId":"ap-southeast-1","service":"fixtray-app","timestamp":"2026-04-13T19:18:01.951Z"}
{"level":"info","message":"Region recovered","regionId":"ap-southeast-1","service":"fixtray-app","timestamp":"2026-04-13T19:18:31.963Z"}
{"level":"warn","message":"Region health check failed","regionId":"eu-west-1","service":"fixtray-app","timestamp":"2026-04-13T19:20:31.998Z"}
{"fromRegion":"eu-west-1","level":"info","message":"Starting region failover","reason":"Health check failure","service":"fixtray-app","timestamp":"2026-04-13T19:20:32.000Z","toRegion":"ap-southeast-1"}
{"level":"info","message":"Region failover completed","newActiveRegion":"ap-southeast-1","recoveryTime":2000,"service":"fixtray-app","timestamp":"2026-04-13T19:20:34.002Z"}
{"activeRegions":2,"currentActiveRegion":"ap-southeast-1","failoverCount":9,"level":"info","message":"Multi-region status","recentFailovers":[{"fromRegion":"eu-west-1","id":"failover_1776106381611_l8qhl5yi8","impact":"minimal","reason":"Health check failure","recoveryTime":2000,"status":"completed","timestamp":"2026-04-13T18:53:01.611Z","toRegion":"ap-southeast-1","type":"automatic"},{"fromRegion":"ap-southeast-1","id":"failover_1776106471641_r5nl58ms7","impact":"minimal","reason":"Health check failure","recoveryTime":2000,"status":"completed","timestamp":"2026-04-13T18:54:31.641Z","toRegion":"eu-west-1","type":"automatic"},{"fromRegion":"eu-west-1","id":"failover_1776106561654_7z25mlork","impact":"minimal","reason":"Health check failure","recoveryTime":2000,"status":"completed","timestamp":"2026-04-13T18:56:01.654Z","toRegion":"ap-southeast-1","type":"automatic"},{"fromRegion":"ap-southeast-1","id":"failover_1776107191791_8xncb8fld","impact":"minimal","reason":"Health check failure","recoveryTime":2000,"status":"completed","timestamp":"2026-04-13T19:06:31.791Z","toRegion":"eu-west-1","type":"automatic"},{"fromRegion":"eu-west-1","id":"failover_1776108032000_e9mwfy2i9","impact":"minimal","reason":"Health check failure","recoveryTime":2000,"status":"completed","timestamp":"2026-04-13T19:20:32.000Z","toRegion":"ap-southeast-1","type":"automatic"}],"service":"fixtray-app","timestamp":"2026-04-13T19:20:39.887Z","totalRegions":3}
{"level":"info","message":"Region recovered","regionId":"eu-west-1","service":"fixtray-app","timestamp":"2026-04-13T19:21:02.000Z"}
{"level":"warn","message":"Region health check failed","regionId":"us-east-1","service":"fixtray-app","timestamp":"2026-04-13T19:22:32.026Z"}
{"level":"warn","message":"Region health check failed","regionId":"eu-west-1","service":"fixtray-app","timestamp":"2026-04-13T19:22:32.027Z"}
{"level":"info","message":"Region recovered","regionId":"eu-west-1","service":"fixtray-app","timestamp":"2026-04-13T19:23:02.030Z"}
{"level":"info","message":"Region recovered","regionId":"us-east-1","service":"fixtray-app","timestamp":"2026-04-13T19:23:32.035Z"}
{"level":"warn","message":"Region health check failed","regionId":"us-east-1","service":"fixtray-app","timestamp":"2026-04-13T19:24:02.041Z"}
{"level":"info","message":"Region recovered","regionId":"us-east-1","service":"fixtray-app","timestamp":"2026-04-13T19:24:32.056Z"}
{"level":"warn","message":"Region health check failed","regionId":"ap-southeast-1","service":"fixtray-app","timestamp":"2026-04-13T19:25:02.067Z"}
{"fromRegion":"ap-southeast-1","level":"info","message":"Starting region failover","reason":"Health check failure","service":"fixtray-app","timestamp":"2026-04-13T19:25:02.069Z","toRegion":"eu-west-1"}
{"level":"info","message":"Region failover completed","newActiveRegion":"eu-west-1","recoveryTime":2000,"service":"fixtray-app","timestamp":"2026-04-13T19:25:04.072Z"}
{"level":"info","message":"Region recovered","regionId":"ap-southeast-1","service":"fixtray-app","timestamp":"2026-04-13T19:25:32.082Z"}
{"activeRegions":3,"currentActiveRegion":"eu-west-1","failoverCount":10,"level":"info","message":"Multi-region status","recentFailovers":[{"fromRegion":"ap-southeast-1","id":"failover_1776106471641_r5nl58ms7","impact":"minimal","reason":"Health check failure","recoveryTime":2000,"status":"completed","timestamp":"2026-04-13T18:54:31.641Z","toRegion":"eu-west-1","type":"automatic"},{"fromRegion":"eu-west-1","id":"failover_1776106561654_7z25mlork","impact":"minimal","reason":"Health check failure","recoveryTime":2000,"status":"completed","timestamp":"2026-04-13T18:56:01.654Z","toRegion":"ap-southeast-1","type":"automatic"},{"fromRegion":"ap-southeast-1","id":"failover_1776107191791_8xncb8fld","impact":"minimal","reason":"Health check failure","recoveryTime":2000,"status":"completed","timestamp":"2026-04-13T19:06:31.791Z","toRegion":"eu-west-1","type":"automatic"},{"fromRegion":"eu-west-1","id":"failover_1776108032000_e9mwfy2i9","impact":"minimal","reason":"Health check failure","recoveryTime":2000,"status":"completed","timestamp":"2026-04-13T19:20:32.000Z","toRegion":"ap-southeast-1","type":"automatic"},{"fromRegion":"ap-southeast-1","id":"failover_1776108302069_e310cb5tv","impact":"minimal","reason":"Health check failure","recoveryTime":2000,"status":"completed","timestamp":"2026-04-13T19:25:02.069Z","toRegion":"eu-west-1","type":"automatic"}],"service":"fixtray-app","timestamp":"2026-04-13T19:25:39.900Z","totalRegions":3}
{"level":"warn","message":"Region health check failed","regionId":"eu-west-1","service":"fixtray-app","timestamp":"2026-04-13T19:26:32.093Z"}
{"fromRegion":"eu-west-1","level":"info","message":"Starting region failover","reason":"Health check failure","service":"fixtray-app","timestamp":"2026-04-13T19:26:32.094Z","toRegion":"ap-southeast-1"}
{"level":"info","message":"Region failover completed","newActiveRegion":"ap-southeast-1","recoveryTime":2000,"service":"fixtray-app","timestamp":"2026-04-13T19:26:34.097Z"}
{"level":"info","message":"Region recovered","regionId":"eu-west-1","service":"fixtray-app","timestamp":"2026-04-13T19:27:02.097Z"}
{"level":"warn","message":"Region health check failed","regionId":"ap-southeast-1","service":"fixtray-app","timestamp":"2026-04-13T19:28:32.116Z"}
{"fromRegion":"ap-southeast-1","level":"info","message":"Starting region failover","reason":"Health check failure","service":"fixtray-app","timestamp":"2026-04-13T19:28:32.117Z","toRegion":"eu-west-1"}
{"level":"info","message":"Region failover completed","newActiveRegion":"eu-west-1","recoveryTime":2000,"service":"fixtray-app","timestamp":"2026-04-13T19:28:34.118Z"}
{"level":"info","message":"Region recovered","regionId":"ap-southeast-1","service":"fixtray-app","timestamp":"2026-04-13T19:29:02.128Z"}
{"activeRegions":3,"currentActiveRegion":"eu-west-1","failoverCount":12,"level":"info","message":"Multi-region status","recentFailovers":[{"fromRegion":"ap-southeast-1","id":"failover_1776107191791_8xncb8fld","impact":"minimal","reason":"Health check failure","recoveryTime":2000,"status":"completed","timestamp":"2026-04-13T19:06:31.791Z","toRegion":"eu-west-1","type":"automatic"},{"fromRegion":"eu-west-1","id":"failover_1776108032000_e9mwfy2i9","impact":"minimal","reason":"Health check failure","recoveryTime":2000,"status":"completed","timestamp":"2026-04-13T19:20:32.000Z","toRegion":"ap-southeast-1","type":"automatic"},{"fromRegion":"ap-southeast-1","id":"failover_1776108302069_e310cb5tv","impact":"minimal","reason":"Health check failure","recoveryTime":2000,"status":"completed","timestamp":"2026-04-13T19:25:02.069Z","toRegion":"eu-west-1","type":"automatic"},{"fromRegion":"eu-west-1","id":"failover_1776108392094_gnoakrytl","impact":"minimal","reason":"Health check failure","recoveryTime":2000,"status":"completed","timestamp":"2026-04-13T19:26:32.094Z","toRegion":"ap-southeast-1","type":"automatic"},{"fromRegion":"ap-southeast-1","id":"failover_1776108512117_301vb9n4f","impact":"minimal","reason":"Health check failure","recoveryTime":2000,"status":"completed","timestamp":"2026-04-13T19:28:32.117Z","toRegion":"eu-west-1","type":"automatic"}],"service":"fixtray-app","timestamp":"2026-04-13T19:30:39.910Z","totalRegions":3}
{"level":"warn","message":"Region health check failed","regionId":"ap-southeast-1","service":"fixtray-app","timestamp":"2026-04-13T19:31:02.143Z"}
{"level":"info","message":"Region recovered","regionId":"ap-southeast-1","service":"fixtray-app","timestamp":"2026-04-13T19:31:32.147Z"}
{"level":"warn","message":"Region health check failed","regionId":"eu-west-1","service":"fixtray-app","timestamp":"2026-04-13T19:33:02.185Z"}
{"fromRegion":"eu-west-1","level":"info","message":"Starting region failover","reason":"Health check failure","service":"fixtray-app","timestamp":"2026-04-13T19:33:02.187Z","toRegion":"ap-southeast-1"}
{"level":"info","message":"Region failover completed","newActiveRegion":"ap-southeast-1","recoveryTime":2000,"service":"fixtray-app","timestamp":"2026-04-13T19:33:04.190Z"}
{"level":"warn","message":"Region health check failed","regionId":"ap-southeast-1","service":"fixtray-app","timestamp":"2026-04-13T19:33:04.191Z"}
{"fromRegion":"ap-southeast-1","level":"info","message":"Starting region failover","reason":"Health check failure","service":"fixtray-app","timestamp":"2026-04-13T19:33:04.192Z","toRegion":"us-east-1"}
{"level":"info","message":"Region failover completed","newActiveRegion":"us-east-1","recoveryTime":2000,"service":"fixtray-app","timestamp":"2026-04-13T19:33:06.205Z"}
{"level":"warn","message":"Region health check failed","regionId":"us-east-1","service":"fixtray-app","timestamp":"2026-04-13T19:33:32.187Z"}
{"level":"info","message":"Region recovered","regionId":"eu-west-1","service":"fixtray-app","timestamp":"2026-04-13T19:33:32.188Z"}
{"level":"info","message":"Region recovered","regionId":"ap-southeast-1","service":"fixtray-app","timestamp":"2026-04-13T19:33:32.189Z"}
{"level":"info","message":"Region recovered","regionId":"us-east-1","service":"fixtray-app","timestamp":"2026-04-13T19:34:02.202Z"}
{"level":"warn","message":"Region health check failed","regionId":"ap-southeast-1","service":"fixtray-app","timestamp":"2026-04-13T19:34:02.203Z"}
{"level":"warn","message":"Region health check failed","regionId":"eu-west-1","service":"fixtray-app","timestamp":"2026-04-13T19:34:32.209Z"}
{"level":"info","message":"Region recovered","regionId":"ap-southeast-1","service":"fixtray-app","timestamp":"2026-04-13T19:34:32.210Z"}
{"level":"warn","message":"Region health check failed","regionId":"us-east-1","service":"fixtray-app","timestamp":"2026-04-13T19:35:02.209Z"}
{"fromRegion":"us-east-1","level":"info","message":"Starting region failover","reason":"Health check failure","service":"fixtray-app","timestamp":"2026-04-13T19:35:02.210Z","toRegion":"ap-southeast-1"}
{"level":"info","message":"Region failover completed","newActiveRegion":"ap-southeast-1","recoveryTime":2000,"service":"fixtray-app","timestamp":"2026-04-13T19:35:04.212Z"}
{"level":"info","message":"Region recovered","regionId":"eu-west-1","service":"fixtray-app","timestamp":"2026-04-13T19:35:04.213Z"}
{"activeRegions":2,"currentActiveRegion":"ap-southeast-1","failoverCount":15,"level":"info","message":"Multi-region status","recentFailovers":[{"fromRegion":"eu-west-1","id":"failover_1776108392094_gnoakrytl","impact":"minimal","reason":"Health check failure","recoveryTime":2000,"status":"completed","timestamp":"2026-04-13T19:26:32.094Z","toRegion":"ap-southeast-1","type":"automatic"},{"fromRegion":"ap-southeast-1","id":"failover_1776108512117_301vb9n4f","impact":"minimal","reason":"Health check failure","recoveryTime":2000,"status":"completed","timestamp":"2026-04-13T19:28:32.117Z","toRegion":"eu-west-1","type":"automatic"},{"fromRegion":"eu-west-1","id":"failover_1776108782187_93tt9xjtv","impact":"minimal","reason":"Health check failure","recoveryTime":2000,"status":"completed","timestamp":"2026-04-13T19:33:02.187Z","toRegion":"ap-southeast-1","type":"automatic"},{"fromRegion":"ap-southeast-1","id":"failover_1776108784192_2piwmn7mb","impact":"minimal","reason":"Health check failure","recoveryTime":2000,"status":"completed","timestamp":"2026-04-13T19:33:04.192Z","toRegion":"us-east-1","type":"automatic"},{"fromRegion":"us-east-1","id":"failover_1776108902210_49gtu4io6","impact":"minimal","reason":"Health check failure","recoveryTime":2000,"status":"completed","timestamp":"2026-04-13T19:35:02.210Z","toRegion":"ap-southeast-1","type":"automatic"}],"service":"fixtray-app","timestamp":"2026-04-13T19:35:39.928Z","totalRegions":3}
{"level":"warn","message":"Region health check failed","regionId":"ap-southeast-1","service":"fixtray-app","timestamp":"2026-04-13T19:36:02.223Z"}
{"fromRegion":"ap-southeast-1","level":"info","message":"Starting region failover","reason":"Health check failure","service":"fixtray-app","timestamp":"2026-04-13T19:36:02.225Z","toRegion":"eu-west-1"}
{"level":"info","message":"Region failover completed","newActiveRegion":"eu-west-1","recoveryTime":2000,"service":"fixtray-app","timestamp":"2026-04-13T19:36:04.241Z"}
{"level":"info","message":"Region recovered","regionId":"us-east-1","service":"fixtray-app","timestamp":"2026-04-13T19:36:32.233Z"}
{"level":"info","message":"Region recovered","regionId":"ap-southeast-1","service":"fixtray-app","timestamp":"2026-04-13T19:36:32.234Z"}
{"level":"warn","message":"Region health check failed","regionId":"ap-southeast-1","service":"fixtray-app","timestamp":"2026-04-13T19:37:02.238Z"}
{"level":"info","message":"Region recovered","regionId":"ap-southeast-1","service":"fixtray-app","timestamp":"2026-04-13T19:37:32.253Z"}
{"activeRegions":3,"currentActiveRegion":"eu-west-1","failoverCount":16,"level":"info","message":"Multi-region status","recentFailovers":[{"fromRegion":"ap-southeast-1","id":"failover_1776108512117_301vb9n4f","impact":"minimal","reason":"Health check failure","recoveryTime":2000,"status":"completed","timestamp":"2026-04-13T19:28:32.117Z","toRegion":"eu-west-1","type":"automatic"},{"fromRegion":"eu-west-1","id":"failover_1776108782187_93tt9xjtv","impact":"minimal","reason":"Health check failure","recoveryTime":2000,"status":"completed","timestamp":"2026-04-13T19:33:02.187Z","toRegion":"ap-southeast-1","type":"automatic"},{"fromRegion":"ap-southeast-1","id":"failover_1776108784192_2piwmn7mb","impact":"minimal","reason":"Health check failure","recoveryTime":2000,"status":"completed","timestamp":"2026-04-13T19:33:04.192Z","toRegion":"us-east-1","type":"automatic"},{"fromRegion":"us-east-1","id":"failover_1776108902210_49gtu4io6","impact":"minimal","reason":"Health check failure","recoveryTime":2000,"status":"completed","timestamp":"2026-04-13T19:35:02.210Z","toRegion":"ap-southeast-1","type":"automatic"},{"fromRegion":"ap-southeast-1","id":"failover_1776108962225_z80x1qvv0","impact":"minimal","reason":"Health check failure","recoveryTime":2000,"status":"completed","timestamp":"2026-04-13T19:36:02.225Z","toRegion":"eu-west-1","type":"automatic"}],"service":"fixtray-app","timestamp":"2026-04-13T19:40:39.943Z","totalRegions":3}
{"level":"warn","message":"Region health check failed","regionId":"us-east-1","service":"fixtray-app","timestamp":"2026-04-13T19:41:32.325Z"}
{"level":"info","message":"Region recovered","regionId":"us-east-1","service":"fixtray-app","timestamp":"2026-04-13T19:42:02.337Z"}
{"level":"warn","message":"Region health check failed","regionId":"eu-west-1","service":"fixtray-app","timestamp":"2026-04-13T19:44:32.382Z"}
{"fromRegion":"eu-west-1","level":"info","message":"Starting region failover","reason":"Health check failure","service":"fixtray-app","timestamp":"2026-04-13T19:44:32.383Z","toRegion":"ap-southeast-1"}
{"level":"info","message":"Region failover completed","newActiveRegion":"ap-southeast-1","recoveryTime":2000,"service":"fixtray-app","timestamp":"2026-04-13T19:44:34.384Z"}
{"level":"info","message":"Region recovered","regionId":"eu-west-1","service":"fixtray-app","timestamp":"2026-04-13T19:45:02.385Z"}
{"level":"warn","message":"Region health check failed","regionId":"us-east-1","service":"fixtray-app","timestamp":"2026-04-13T19:45:32.401Z"}
{"level":"warn","message":"Region health check failed","regionId":"ap-southeast-1","service":"fixtray-app","timestamp":"2026-04-13T19:45:32.402Z"}
{"fromRegion":"ap-southeast-1","level":"info","message":"Starting region failover","reason":"Health check failure","service":"fixtray-app","timestamp":"2026-04-13T19:45:32.402Z","toRegion":"eu-west-1"}
{"level":"info","message":"Region failover completed","newActiveRegion":"eu-west-1","recoveryTime":2000,"service":"fixtray-app","timestamp":"2026-04-13T19:45:34.403Z"}
{"activeRegions":1,"currentActiveRegion":"eu-west-1","failoverCount":18,"level":"info","message":"Multi-region status","recentFailovers":[{"fromRegion":"ap-southeast-1","id":"failover_1776108784192_2piwmn7mb","impact":"minimal","reason":"Health check failure","recoveryTime":2000,"status":"completed","timestamp":"2026-04-13T19:33:04.192Z","toRegion":"us-east-1","type":"automatic"},{"fromRegion":"us-east-1","id":"failover_1776108902210_49gtu4io6","impact":"minimal","reason":"Health check failure","recoveryTime":2000,"status":"completed","timestamp":"2026-04-13T19:35:02.210Z","toRegion":"ap-southeast-1","type":"automatic"},{"fromRegion":"ap-southeast-1","id":"failover_1776108962225_z80x1qvv0","impact":"minimal","reason":"Health check failure","recoveryTime":2000,"status":"completed","timestamp":"2026-04-13T19:36:02.225Z","toRegion":"eu-west-1","type":"automatic"},{"fromRegion":"eu-west-1","id":"failover_1776109472383_yy96mvb2o","impact":"minimal","reason":"Health check failure","recoveryTime":2000,"status":"completed","timestamp":"2026-04-13T19:44:32.383Z","toRegion":"ap-southeast-1","type":"automatic"},{"fromRegion":"ap-southeast-1","id":"failover_1776109532402_4c7amre7m","impact":"minimal","reason":"Health check failure","recoveryTime":2000,"status":"completed","timestamp":"2026-04-13T19:45:32.402Z","toRegion":"eu-west-1","type":"automatic"}],"service":"fixtray-app","timestamp":"2026-04-13T19:45:39.949Z","totalRegions":3}
{"level":"info","message":"Region recovered","regionId":"us-east-1","service":"fixtray-app","timestamp":"2026-04-13T19:46:02.405Z"}
{"level":"info","message":"Region recovered","regionId":"ap-southeast-1","service":"fixtray-app","timestamp":"2026-04-13T19:46:02.406Z"}
{"level":"warn","message":"Region health check failed","regionId":"us-east-1","service":"fixtray-app","timestamp":"2026-04-13T19:48:32.451Z"}
{"level":"info","message":"Region recovered","regionId":"us-east-1","service":"fixtray-app","timestamp":"2026-04-13T19:49:02.456Z"}
{"level":"warn","message":"Region health check failed","regionId":"ap-southeast-1","service":"fixtray-app","timestamp":"2026-04-13T19:49:02.457Z"}
{"level":"info","message":"Region recovered","regionId":"ap-southeast-1","service":"fixtray-app","timestamp":"2026-04-13T19:49:32.461Z"}
{"level":"warn","message":"Region health check failed","regionId":"eu-west-1","service":"fixtray-app","timestamp":"2026-04-13T19:50:02.461Z"}
{"fromRegion":"eu-west-1","level":"info","message":"Starting region failover","reason":"Health check failure","service":"fixtray-app","timestamp":"2026-04-13T19:50:02.462Z","toRegion":"ap-southeast-1"}
{"level":"info","message":"Region failover completed","newActiveRegion":"ap-southeast-1","recoveryTime":2000,"service":"fixtray-app","timestamp":"2026-04-13T19:50:04.475Z"}
{"level":"info","message":"Region recovered","regionId":"eu-west-1","service":"fixtray-app","timestamp":"2026-04-13T19:50:32.474Z"}
{"activeRegions":3,"currentActiveRegion":"ap-southeast-1","failoverCount":19,"level":"info","message":"Multi-region status","recentFailovers":[{"fromRegion":"us-east-1","id":"failover_1776108902210_49gtu4io6","impact":"minimal","reason":"Health check failure","recoveryTime":2000,"status":"completed","timestamp":"2026-04-13T19:35:02.210Z","toRegion":"ap-southeast-1","type":"automatic"},{"fromRegion":"ap-southeast-1","id":"failover_1776108962225_z80x1qvv0","impact":"minimal","reason":"Health check failure","recoveryTime":2000,"status":"completed","timestamp":"2026-04-13T19:36:02.225Z","toRegion":"eu-west-1","type":"automatic"},{"fromRegion":"eu-west-1","id":"failover_1776109472383_yy96mvb2o","impact":"minimal","reason":"Health check failure","recoveryTime":2000,"status":"completed","timestamp":"2026-04-13T19:44:32.383Z","toRegion":"ap-southeast-1","type":"automatic"},{"fromRegion":"ap-southeast-1","id":"failover_1776109532402_4c7amre7m","impact":"minimal","reason":"Health check failure","recoveryTime":2000,"status":"completed","timestamp":"2026-04-13T19:45:32.402Z","toRegion":"eu-west-1","type":"automatic"},{"fromRegion":"eu-west-1","id":"failover_1776109802462_5w977nbsd","impact":"minimal","reason":"Health check failure","recoveryTime":2000,"status":"completed","timestamp":"2026-04-13T19:50:02.462Z","toRegion":"ap-southeast-1","type":"automatic"}],"service":"fixtray-app","timestamp":"2026-04-13T19:50:39.954Z","totalRegions":3}
{"level":"warn","message":"Region health check failed","regionId":"us-east-1","service":"fixtray-app","timestamp":"2026-04-13T19:51:32.491Z"}
{"level":"info","message":"Region recovered","regionId":"us-east-1","service":"fixtray-app","timestamp":"2026-04-13T19:52:02.492Z"}
{"level":"warn","message":"Region health check failed","regionId":"us-east-1","service":"fixtray-app","timestamp":"2026-04-13T19:54:32.745Z"}
{"level":"info","message":"Region recovered","regionId":"us-east-1","service":"fixtray-app","timestamp":"2026-04-13T19:55:03.168Z"}
{"level":"warn","message":"Region health check failed","regionId":"ap-southeast-1","service":"fixtray-app","timestamp":"2026-04-13T19:55:03.169Z"}
{"fromRegion":"ap-southeast-1","level":"info","message":"Starting region failover","reason":"Health check failure","service":"fixtray-app","timestamp":"2026-04-13T19:55:03.170Z","toRegion":"eu-west-1"}
{"level":"info","message":"Region failover completed","newActiveRegion":"eu-west-1","recoveryTime":2000,"service":"fixtray-app","timestamp":"2026-04-13T19:55:05.174Z"}
{"level":"info","message":"Region recovered","regionId":"ap-southeast-1","service":"fixtray-app","timestamp":"2026-04-13T19:55:33.171Z"}
{"activeRegions":3,"currentActiveRegion":"eu-west-1","failoverCount":20,"level":"info","message":"Multi-region status","recentFailovers":[{"fromRegion":"ap-southeast-1","id":"failover_1776108962225_z80x1qvv0","impact":"minimal","reason":"Health check failure","recoveryTime":2000,"status":"completed","timestamp":"2026-04-13T19:36:02.225Z","toRegion":"eu-west-1","type":"automatic"},{"fromRegion":"eu-west-1","id":"failover_1776109472383_yy96mvb2o","impact":"minimal","reason":"Health check failure","recoveryTime":2000,"status":"completed","timestamp":"2026-04-13T19:44:32.383Z","toRegion":"ap-southeast-1","type":"automatic"},{"fromRegion":"ap-southeast-1","id":"failover_1776109532402_4c7amre7m","impact":"minimal","reason":"Health check failure","recoveryTime":2000,"status":"completed","timestamp":"2026-04-13T19:45:32.402Z","toRegion":"eu-west-1","type":"automatic"},{"fromRegion":"eu-west-1","id":"failover_1776109802462_5w977nbsd","impact":"minimal","reason":"Health check failure","recoveryTime":2000,"status":"completed","timestamp":"2026-04-13T19:50:02.462Z","toRegion":"ap-southeast-1","type":"automatic"},{"fromRegion":"ap-southeast-1","id":"failover_1776110103170_t14u8hsmz","impact":"minimal","reason":"Health check failure","recoveryTime":2000,"status":"completed","timestamp":"2026-04-13T19:55:03.170Z","toRegion":"eu-west-1","type":"automatic"}],"service":"fixtray-app","timestamp":"2026-04-13T19:55:39.961Z","totalRegions":3}
{"level":"warn","message":"Region health check failed","regionId":"eu-west-1","service":"fixtray-app","timestamp":"2026-04-13T19:56:03.178Z"}
{"fromRegion":"eu-west-1","level":"info","message":"Starting region failover","reason":"Health check failure","service":"fixtray-app","timestamp":"2026-04-13T19:56:03.185Z","toRegion":"ap-southeast-1"}
{"level":"info","message":"Region failover completed","newActiveRegion":"ap-southeast-1","recoveryTime":2000,"service":"fixtray-app","timestamp":"2026-04-13T19:56:05.188Z"}
{"level":"info","message":"Region recovered","regionId":"eu-west-1","service":"fixtray-app","timestamp":"2026-04-13T19:56:33.186Z"}
{"level":"warn","message":"Region health check failed","regionId":"eu-west-1","service":"fixtray-app","timestamp":"2026-04-13T19:57:33.199Z"}
{"level":"warn","message":"Region health check failed","regionId":"us-east-1","service":"fixtray-app","timestamp":"2026-04-13T19:58:03.214Z"}
{"level":"info","message":"Region recovered","regionId":"eu-west-1","service":"fixtray-app","timestamp":"2026-04-13T19:58:03.216Z"}
{"level":"info","message":"Region recovered","regionId":"us-east-1","service":"fixtray-app","timestamp":"2026-04-13T19:58:33.220Z"}
{"level":"warn","message":"Region health check failed","regionId":"eu-west-1","service":"fixtray-app","timestamp":"2026-04-13T20:00:03.249Z"}
{"level":"warn","message":"Region health check failed","regionId":"us-east-1","service":"fixtray-app","timestamp":"2026-04-13T20:00:33.259Z"}
{"level":"info","message":"Region recovered","regionId":"eu-west-1","service":"fixtray-app","timestamp":"2026-04-13T20:00:33.261Z"}
{"level":"warn","message":"Region health check failed","regionId":"ap-southeast-1","service":"fixtray-app","timestamp":"2026-04-13T20:00:33.262Z"}
{"fromRegion":"ap-southeast-1","level":"info","message":"Starting region failover","reason":"Health check failure","service":"fixtray-app","timestamp":"2026-04-13T20:00:33.263Z","toRegion":"eu-west-1"}
{"level":"info","message":"Region failover completed","newActiveRegion":"eu-west-1","recoveryTime":2000,"service":"fixtray-app","timestamp":"2026-04-13T20:00:35.266Z"}
{"activeRegions":1,"currentActiveRegion":"eu-west-1","failoverCount":22,"level":"info","message":"Multi-region status","recentFailovers":[{"fromRegion":"ap-southeast-1","id":"failover_1776109532402_4c7amre7m","impact":"minimal","reason":"Health check failure","recoveryTime":2000,"status":"completed","timestamp":"2026-04-13T19:45:32.402Z","toRegion":"eu-west-1","type":"automatic"},{"fromRegion":"eu-west-1","id":"failover_1776109802462_5w977nbsd","impact":"minimal","reason":"Health check failure","recoveryTime":2000,"status":"completed","timestamp":"2026-04-13T19:50:02.462Z","toRegion":"ap-southeast-1","type":"automatic"},{"fromRegion":"ap-southeast-1","id":"failover_1776110103170_t14u8hsmz","impact":"minimal","reason":"Health check failure","recoveryTime":2000,"status":"completed","timestamp":"2026-04-13T19:55:03.170Z","toRegion":"eu-west-1","type":"automatic"},{"fromRegion":"eu-west-1","id":"failover_1776110163185_bgq98rls9","impact":"minimal","reason":"Health check failure","recoveryTime":2000,"status":"completed","timestamp":"2026-04-13T19:56:03.185Z","toRegion":"ap-southeast-1","type":"automatic"},{"fromRegion":"ap-southeast-1","id":"failover_1776110433263_d5fwosyxu","impact":"minimal","reason":"Health check failure","recoveryTime":2000,"status":"completed","timestamp":"2026-04-13T20:00:33.263Z","toRegion":"eu-west-1","type":"automatic"}],"service":"fixtray-app","timestamp":"2026-04-13T20:00:39.968Z","totalRegions":3}
{"level":"info","message":"Region recovered","regionId":"us-east-1","service":"fixtray-app","timestamp":"2026-04-13T20:01:03.271Z"}
{"level":"info","message":"Region recovered","regionId":"ap-southeast-1","service":"fixtray-app","timestamp":"2026-04-13T20:01:03.273Z"}
{"level":"warn","message":"Region health check failed","regionId":"us-east-1","service":"fixtray-app","timestamp":"2026-04-13T20:04:03.316Z"}
{"level":"info","message":"Region recovered","regionId":"us-east-1","service":"fixtray-app","timestamp":"2026-04-13T20:04:33.324Z"}
{"activeRegions":3,"currentActiveRegion":"eu-west-1","failoverCount":22,"level":"info","message":"Multi-region status","recentFailovers":[{"fromRegion":"ap-southeast-1","id":"failover_1776109532402_4c7amre7m","impact":"minimal","reason":"Health check failure","recoveryTime":2000,"status":"completed","timestamp":"2026-04-13T19:45:32.402Z","toRegion":"eu-west-1","type":"automatic"},{"fromRegion":"eu-west-1","id":"failover_1776109802462_5w977nbsd","impact":"minimal","reason":"Health check failure","recoveryTime":2000,"status":"completed","timestamp":"2026-04-13T19:50:02.462Z","toRegion":"ap-southeast-1","type":"automatic"},{"fromRegion":"ap-southeast-1","id":"failover_1776110103170_t14u8hsmz","impact":"minimal","reason":"Health check failure","recoveryTime":2000,"status":"completed","timestamp":"2026-04-13T19:55:03.170Z","toRegion":"eu-west-1","type":"automatic"},{"fromRegion":"eu-west-1","id":"failover_1776110163185_bgq98rls9","impact":"minimal","reason":"Health check failure","recoveryTime":2000,"status":"completed","timestamp":"2026-04-13T19:56:03.185Z","toRegion":"ap-southeast-1","type":"automatic"},{"fromRegion":"ap-southeast-1","id":"failover_1776110433263_d5fwosyxu","impact":"minimal","reason":"Health check failure","recoveryTime":2000,"status":"completed","timestamp":"2026-04-13T20:00:33.263Z","toRegion":"eu-west-1","type":"automatic"}],"service":"fixtray-app","timestamp":"2026-04-13T20:05:39.981Z","totalRegions":3}
{"level":"warn","message":"Region health check failed","regionId":"us-east-1","service":"fixtray-app","timestamp":"2026-04-13T20:06:33.378Z"}
{"level":"warn","message":"Region health check failed","regionId":"ap-southeast-1","service":"fixtray-app","timestamp":"2026-04-13T20:06:33.379Z"}
{"level":"info","message":"Region recovered","regionId":"us-east-1","service":"fixtray-app","timestamp":"2026-04-13T20:07:03.379Z"}
{"level":"warn","message":"Region health check failed","regionId":"eu-west-1","service":"fixtray-app","timestamp":"2026-04-13T20:07:03.381Z"}
{"fromRegion":"eu-west-1","level":"info","message":"Starting region failover","reason":"Health check failure","service":"fixtray-app","timestamp":"2026-04-13T20:07:03.381Z","toRegion":"us-east-1"}
{"level":"info","message":"Region failover completed","newActiveRegion":"us-east-1","recoveryTime":2000,"service":"fixtray-app","timestamp":"2026-04-13T20:07:05.393Z"}
{"level":"info","message":"Region recovered","regionId":"ap-southeast-1","service":"fixtray-app","timestamp":"2026-04-13T20:07:05.395Z"}
{"level":"info","message":"Region recovered","regionId":"eu-west-1","service":"fixtray-app","timestamp":"2026-04-13T20:07:33.393Z"}
{"level":"warn","message":"Region health check failed","regionId":"ap-southeast-1","service":"fixtray-app","timestamp":"2026-04-13T20:07:33.394Z"}
{"level":"info","message":"Region recovered","regionId":"ap-southeast-1","service":"fixtray-app","timestamp":"2026-04-13T20:08:03.399Z"}
{"level":"info","message":"Initializing enterprise features...","service":"fixtray-app","timestamp":"2026-04-15T01:49:11.043Z"}
{"checkCount":6,"level":"info","message":"Starting automated compliance checks","service":"fixtray-app","timestamp":"2026-04-15T01:49:11.047Z"}
{"details":{"gdpr":[{"details":"Data retention policies are being enforced","passed":true},{"details":"All users have valid consent records","passed":true}],"privacy":[{"details":"Data collection follows minimization principles","passed":true}],"security":[{"details":"All passwords meet security requirements","passed":true},{"details":"Sensitive data is properly encrypted","passed":true}],"sox":[{"details":"Audit trails are intact and tamper-proof","passed":true}]},"level":"info","message":"Compliance Report Generated","recommendations":[],"service":"fixtray-app","summary":{"categories":{"gdpr":"compliant","privacy":"compliant","security":"compliant","sox":"compliant"},"lastRun":"2026-04-15T01:49:11.049Z","overall":"compliant"},"timestamp":"2026-04-15T01:49:11.048Z"}
{"categories":["gdpr","security","privacy","sox"],"level":"info","message":"Compliance checks completed","service":"fixtray-app","timestamp":"2026-04-15T01:49:11.049Z","totalChecks":6}
{"checkCount":6,"level":"info","message":"Starting automated compliance checks","service":"fixtray-app","timestamp":"2026-04-15T01:49:11.050Z"}
{"host":"localhost","instanceId":"api-1","level":"info","message":"Service instance registered","port":3000,"service":"api","timestamp":"2026-04-15T01:49:11.051Z"}
{"host":"localhost","instanceId":"db-1","level":"info","message":"Service instance registered","port":5432,"service":"database","timestamp":"2026-04-15T01:49:11.051Z"}
{"host":"localhost","instanceId":"cache-1","level":"info","message":"Service instance registered","port":6379,"service":"cache","timestamp":"2026-04-15T01:49:11.051Z"}
{"level":"info","message":"Service endpoint registered","method":"GET","path":"/api/workorders","service":"api","timestamp":"2026-04-15T01:49:11.052Z"}
{"level":"info","message":"Service endpoint registered","method":"POST","path":"/api/workorders","service":"api","timestamp":"2026-04-15T01:49:11.052Z"}
{"level":"info","message":"Starting data synchronization","service":"fixtray-app","strategy":"async","tables":["users","workorders","settings"],"timestamp":"2026-04-15T01:49:11.052Z"}
{"details":{"gdpr":[{"details":"Data retention policies are being enforced","passed":true},{"details":"All users have valid consent records","passed":true}],"privacy":[{"details":"Data collection follows minimization principles","passed":true}],"security":[{"details":"All passwords meet security requirements","passed":true},{"details":"Sensitive data is properly encrypted","passed":true}],"sox":[{"details":"Audit trails are intact and tamper-proof","passed":true}]},"level":"info","message":"Compliance Report Generated","recommendations":[],"service":"fixtray-app","summary":{"categories":{"gdpr":"compliant","privacy":"compliant","security":"compliant","sox":"compliant"},"lastRun":"2026-04-15T01:49:11.053Z","overall":"compliant"},"timestamp":"2026-04-15T01:49:11.053Z"}
{"categories":["gdpr","security","privacy","sox"],"level":"info","message":"Compliance checks completed","service":"fixtray-app","timestamp":"2026-04-15T01:49:11.053Z","totalChecks":6}
{"level":"info","message":"Initializing enterprise features...","service":"fixtray-app","timestamp":"2026-04-15T01:49:15.384Z"}
{"checkCount":6,"level":"info","message":"Starting automated compliance checks","service":"fixtray-app","timestamp":"2026-04-15T01:49:15.388Z"}
{"details":{"gdpr":[{"details":"Data retention policies are being enforced","passed":true},{"details":"All users have valid consent records","passed":true}],"privacy":[{"details":"Data collection follows minimization principles","passed":true}],"security":[{"details":"All passwords meet security requirements","passed":true},{"details":"Sensitive data is properly encrypted","passed":true}],"sox":[{"details":"Audit trails are intact and tamper-proof","passed":true}]},"level":"info","message":"Compliance Report Generated","recommendations":[],"service":"fixtray-app","summary":{"categories":{"gdpr":"compliant","privacy":"compliant","security":"compliant","sox":"compliant"},"lastRun":"2026-04-15T01:49:15.390Z","overall":"compliant"},"timestamp":"2026-04-15T01:49:15.389Z"}
{"categories":["gdpr","security","privacy","sox"],"level":"info","message":"Compliance checks completed","service":"fixtray-app","timestamp":"2026-04-15T01:49:15.390Z","totalChecks":6}
{"checkCount":6,"level":"info","message":"Starting automated compliance checks","service":"fixtray-app","timestamp":"2026-04-15T01:49:15.391Z"}
{"host":"localhost","instanceId":"api-1","level":"info","message":"Service instance registered","port":3000,"service":"api","timestamp":"2026-04-15T01:49:15.392Z"}
{"host":"localhost","instanceId":"db-1","level":"info","message":"Service instance registered","port":5432,"service":"database","timestamp":"2026-04-15T01:49:15.392Z"}
{"host":"localhost","instanceId":"cache-1","level":"info","message":"Service instance registered","port":6379,"service":"cache","timestamp":"2026-04-15T01:49:15.392Z"}
{"level":"info","message":"Service endpoint registered","method":"GET","path":"/api/workorders","service":"api","timestamp":"2026-04-15T01:49:15.392Z"}
{"level":"info","message":"Service endpoint registered","method":"POST","path":"/api/workorders","service":"api","timestamp":"2026-04-15T01:49:15.393Z"}
{"level":"info","message":"Starting data synchronization","service":"fixtray-app","strategy":"async","tables":["users","workorders","settings"],"timestamp":"2026-04-15T01:49:15.393Z"}
{"details":{"gdpr":[{"details":"Data retention policies are being enforced","passed":true},{"details":"All users have valid consent records","passed":true}],"privacy":[{"details":"Data collection follows minimization principles","passed":true}],"security":[{"details":"All passwords meet security requirements","passed":true},{"details":"Sensitive data is properly encrypted","passed":true}],"sox":[{"details":"Audit trails are intact and tamper-proof","passed":true}]},"level":"info","message":"Compliance Report Generated","recommendations":[],"service":"fixtray-app","summary":{"categories":{"gdpr":"compliant","privacy":"compliant","security":"compliant","sox":"compliant"},"lastRun":"2026-04-15T01:49:15.393Z","overall":"compliant"},"timestamp":"2026-04-15T01:49:15.393Z"}
{"categories":["gdpr","security","privacy","sox"],"level":"info","message":"Compliance checks completed","service":"fixtray-app","timestamp":"2026-04-15T01:49:15.394Z","totalChecks":6}
{"errorMessage":"Synchronization failed for table: users","level":"error","message":"Table synchronization failed","service":"fixtray-app","stack":"Error: Synchronization failed for table: users\n    at z.syncTable (C:\\FixTray\\.next\\server\\chunks\\node_modules_next_dist_esm_build_templates_app-route_0.nmrq0.js:2:27453)\n    at runNextTicks (node:internal/process/task_queues:65:5)\n    at process.processTimers (node:internal/timers:538:9)\n    at async z.syncData (C:\\FixTray\\.next\\server\\chunks\\node_modules_next_dist_esm_build_templates_app-route_0.nmrq0.js:2:27106)\n    at async Object.initialize (C:\\FixTray\\.next\\server\\chunks\\node_modules_next_dist_esm_build_templates_app-route_0.nmrq0.js:2:31242)","table":"users","timestamp":"2026-04-15T01:49:16.847Z"}
